{
  "RSpec": {
    "coverage": {
      "/Users/Guest/Desktop/amoneyzone/app/models/user.rb": [
        1,
        1,
        1,
        null,
        null,
        1,
        null,
        null
      ],
      "/Users/Guest/Desktop/amoneyzone/app/helpers/application_helper.rb": [
        1,
        null
      ],
      "/Users/Guest/Desktop/amoneyzone/app/models/item.rb": [
        1,
        1,
        1,
        null,
        1,
        1,
        1,
        null,
        1,
        null
      ],
      "/Users/Guest/Desktop/amoneyzone/app/models/purchase.rb": [
        1,
        1,
        1,
        null,
        1,
        1,
        null
      ],
      "/Users/Guest/Desktop/amoneyzone/app/controllers/items_controller.rb": [
        1,
        null,
        1,
        null,
        1,
        null,
        null,
        null,
        1,
        null,
        null,
        null,
        1,
        null,
        null,
        null,
        1,
        1,
        1,
        1,
        null,
        0,
        null,
        null,
        null,
        1,
        null,
        null,
        null,
        1,
        1,
        1,
        1,
        null,
        0,
        null,
        null,
        null,
        1,
        null,
        null,
        null,
        1,
        1,
        2,
        null,
        null,
        null
      ],
      "/Users/Guest/Desktop/amoneyzone/app/controllers/application_controller.rb": [
        1,
        null,
        null,
        1,
        null
      ],
      "/Users/Guest/Desktop/amoneyzone/app/models/ability.rb": [
        1,
        1,
        null,
        1,
        null,
        null,
        4,
        4,
        4,
        null,
        0,
        null,
        null,
        null,
        null,
        null,
        null,
        null,
        null,
        null,
        null,
        null,
        null,
        null,
        null,
        null,
        null,
        null,
        null,
        null,
        null,
        null
      ]
    },
    "timestamp": 1436987380
  }
}
